Start testing: Aug 05 16:47 CEST
----------------------------------------------------------
1/2 Testing: mahtest
1/2 Test: mahtest
Command: "/home/mahmoud86/Projects/qtpipeline/QtJenkins/libs/Test/unittest/mahtest"
Directory: /home/mahmoud86/Projects/qtpipeline/QtJenkins/libs/Test/unittest
"mahtest" start time: Aug 05 16:47 CEST
Output:
----------------------------------------------------------
Running main() from gmock_main.cc
[==========] Running 2 tests from 1 test case.
[----------] Global test environment set-up.
[----------] 2 tests from stackTest
[ RUN      ] stackTest.PopTest
[       OK ] stackTest.PopTest (0 ms)
[ RUN      ] stackTest.sizeValidityTest
[       OK ] stackTest.sizeValidityTest (0 ms)
[----------] 2 tests from stackTest (0 ms total)

[----------] Global test environment tear-down
[==========] 2 tests from 1 test case ran. (0 ms total)
[  PASSED  ] 2 tests.
<end of output>
Test time =   0.00 sec
----------------------------------------------------------
Test Passed.
"mahtest" end time: Aug 05 16:47 CEST
"mahtest" time elapsed: 00:00:00
----------------------------------------------------------

2/2 Testing: hahtest
2/2 Test: hahtest
Command: "/home/mahmoud86/Projects/qtpipeline/QtJenkins/libs/Test/unittest/hahtest"
Directory: /home/mahmoud86/Projects/qtpipeline/QtJenkins/libs/Test/unittest
"hahtest" start time: Aug 05 16:47 CEST
Output:
----------------------------------------------------------
Running main() from gmock_main.cc
[==========] Running 2 tests from 1 test case.
[----------] Global test environment set-up.
[----------] 2 tests from stackTest
[ RUN      ] stackTest.PopTest
[       OK ] stackTest.PopTest (0 ms)
[ RUN      ] stackTest.sizeValidityTest
[       OK ] stackTest.sizeValidityTest (0 ms)
[----------] 2 tests from stackTest (0 ms total)

[----------] Global test environment tear-down
[==========] 2 tests from 1 test case ran. (0 ms total)
[  PASSED  ] 2 tests.
<end of output>
Test time =   0.00 sec
----------------------------------------------------------
Test Passed.
"hahtest" end time: Aug 05 16:47 CEST
"hahtest" time elapsed: 00:00:00
----------------------------------------------------------

End testing: Aug 05 16:47 CEST
